{
  "RSpec": {
    "coverage": {
      "/Users/carlbenson/git/sentia/hello-world-halloumi/lib/main.rb": [
        null,
        null,
        1,
        1,
        1,
        null,
        null,
        null,
        null,
        1,
        3,
        null,
        null,
        null,
        null,
        null,
        1,
        3,
        null,
        null,
        null,
        null,
        null,
        1,
        3,
        null
      ],
      "/Users/carlbenson/git/sentia/hello-world-halloumi/lib/stacks/main_stack/substacks.rb": [
        1,
        null,
        1,
        1,
        1,
        1,
        1,
        null,
        5,
        5,
        null,
        null,
        1,
        null,
        5,
        5,
        null,
        5,
        null,
        null,
        null,
        null,
        null,
        null,
        5,
        null,
        null,
        null,
        null,
        null,
        null
      ],
      "/Users/carlbenson/git/sentia/hello-world-halloumi/lib/stacks/ec2_stack/auto_scaling.rb": [
        null,
        null,
        1,
        null,
        1,
        1,
        1,
        null,
        null,
        null,
        null,
        null,
        1,
        null,
        null,
        null,
        null,
        null,
        null,
        null,
        1,
        null,
        null,
        null,
        null,
        null,
        null,
        1,
        null,
        null,
        null,
        null,
        null,
        1,
        null,
        null,
        null,
        null,
        null,
        null,
        1,
        null,
        56,
        56,
        56,
        56,
        56,
        56,
        56,
        56,
        null,
        null,
        null,
        null
      ],
      "/Users/carlbenson/git/sentia/hello-world-halloumi/lib/stacks/skeleton_stack/vpc.rb": [
        1,
        null,
        1,
        null,
        1,
        1,
        1,
        1,
        1,
        56,
        56,
        56,
        null,
        null,
        1,
        null,
        56,
        56,
        56,
        56,
        null,
        null,
        null,
        null,
        null
      ],
      "/Users/carlbenson/git/sentia/hello-world-halloumi/lib/shared_concerns/resources.rb": [
        null,
        null,
        1,
        null,
        1,
        1,
        1,
        1,
        1,
        56,
        196,
        null,
        null,
        1,
        56,
        null,
        null,
        1,
        56,
        null,
        null,
        1,
        56,
        56,
        56,
        56,
        56,
        28,
        null,
        null,
        null,
        null,
        null
      ],
      "/Users/carlbenson/git/sentia/hello-world-halloumi/lib/shared_concerns/methods.rb": [
        null,
        null,
        1,
        null,
        1,
        1,
        1,
        null,
        1,
        null,
        3,
        0,
        null,
        null,
        null,
        null,
        3,
        0,
        0,
        null,
        null,
        null,
        null,
        3,
        null,
        null,
        null,
        null,
        0,
        0,
        null,
        null,
        null,
        null,
        null,
        null,
        null,
        0,
        null,
        null,
        null,
        null,
        null
      ],
      "/Users/carlbenson/git/sentia/hello-world-halloumi/lib/shared_concerns/properties.rb": [
        null,
        null,
        1,
        null,
        1,
        1,
        1,
        null,
        1,
        null,
        null,
        null,
        null,
        null,
        2,
        null,
        null,
        null,
        null,
        null,
        null,
        2,
        null,
        null,
        null,
        null,
        null,
        null,
        2,
        null,
        null,
        null,
        null,
        null,
        null,
        2,
        null,
        null,
        null,
        null,
        null,
        null,
        2,
        null,
        null,
        null,
        null,
        null,
        null,
        2,
        null,
        null,
        null,
        null,
        null,
        null,
        null,
        null,
        null,
        2,
        null,
        null,
        null,
        null,
        null,
        null,
        null,
        null,
        null,
        null,
        null,
        null,
        null,
        null,
        null,
        null,
        null,
        null,
        2,
        null,
        null,
        null,
        null,
        null,
        null,
        2,
        null,
        null,
        null,
        null,
        null,
        2,
        null,
        null,
        null,
        null,
        null,
        null,
        null
      ],
      "/Users/carlbenson/git/sentia/hello-world-halloumi/lib/stacks/ec2_stack.rb": [
        null,
        null,
        null,
        1,
        null,
        1,
        1,
        1,
        null,
        null,
        1,
        null
      ],
      "/Users/carlbenson/git/sentia/hello-world-halloumi/lib/stacks/main_stack.rb": [
        null,
        1,
        1,
        1,
        null
      ],
      "/Users/carlbenson/git/sentia/hello-world-halloumi/lib/stacks/skeleton_stack.rb": [
        null,
        null,
        null,
        1,
        null,
        1,
        1,
        null,
        null,
        1,
        null
      ]
    },
    "timestamp": 1526396745
  }
}
